13:32 INFO    : Waveform generator initiated with
  frequency_domain_source_model: bilby.gw.source.lal_binary_black_hole
  time_domain_source_model: None
  parameter_conversion: bilby.gw.conversion.convert_to_lal_binary_black_hole_parameters
13:34 INFO    : Running for label 'multidim_gaussian_unimodal', output will be saved to 'outdir'
13:34 INFO    : Search parameters:
13:34 INFO    :   x0 = Uniform(minimum=-5, maximum=5, name='x0', latex_label='x0', unit=None, boundary=None)
13:34 INFO    :   x1 = Uniform(minimum=-5, maximum=5, name='x1', latex_label='x1', unit=None, boundary=None)
13:34 INFO    :   x2 = Uniform(minimum=-5, maximum=5, name='x2', latex_label='x2', unit=None, boundary=None)
13:34 INFO    :   x3 = Uniform(minimum=-5, maximum=5, name='x3', latex_label='x3', unit=None, boundary=None)
13:34 INFO    :   x4 = Uniform(minimum=-5, maximum=5, name='x4', latex_label='x4', unit=None, boundary=None)
13:34 INFO    :   x5 = Uniform(minimum=-5, maximum=5, name='x5', latex_label='x5', unit=None, boundary=None)
13:34 INFO    :   x6 = Uniform(minimum=-5, maximum=5, name='x6', latex_label='x6', unit=None, boundary=None)
13:34 INFO    :   x7 = Uniform(minimum=-5, maximum=5, name='x7', latex_label='x7', unit=None, boundary=None)
13:34 INFO    :   x8 = Uniform(minimum=-5, maximum=5, name='x8', latex_label='x8', unit=None, boundary=None)
13:34 INFO    :   x9 = Uniform(minimum=-5, maximum=5, name='x9', latex_label='x9', unit=None, boundary=None)
13:34 INFO    :   x10 = Uniform(minimum=-5, maximum=5, name='x10', latex_label='x10', unit=None, boundary=None)
13:34 INFO    :   x11 = Uniform(minimum=-5, maximum=5, name='x11', latex_label='x11', unit=None, boundary=None)
13:34 INFO    :   x12 = Uniform(minimum=-5, maximum=5, name='x12', latex_label='x12', unit=None, boundary=None)
13:34 INFO    :   x13 = Uniform(minimum=-5, maximum=5, name='x13', latex_label='x13', unit=None, boundary=None)
13:34 INFO    :   x14 = Uniform(minimum=-5, maximum=5, name='x14', latex_label='x14', unit=None, boundary=None)
13:34 INFO    : Single likelihood evaluation took 5.005e-04 s
13:34 INFO    : Using sampler Dynesty with kwargs {'bound': 'multi', 'sample': 'rwalk', 'verbose': True, 'periodic': None, 'reflective': None, 'check_point_delta_t': 1800, 'nlive': 1000, 'first_update': None, 'walks': 100, 'npdim': None, 'rstate': None, 'queue_size': 1, 'pool': None, 'use_pool': None, 'live_points': None, 'logl_args': None, 'logl_kwargs': None, 'ptform_args': None, 'ptform_kwargs': None, 'enlarge': 1.5, 'bootstrap': None, 'vol_dec': 0.5, 'vol_check': 8.0, 'facc': 0.2, 'slices': 5, 'update_interval': 600, 'print_func': <bound method Dynesty._print_func of <bilby.core.sampler.dynesty.Dynesty object at 0x2aeefc1edd50>>, 'dlogz': 0.1, 'maxiter': None, 'maxcall': None, 'logl_max': inf, 'add_live': True, 'print_progress': True, 'save_bounds': False, 'n_effective': None, 'maxmcmc': 5000, 'nact': 5, 'print_method': 'tqdm'}
13:34 INFO    : Checkpoint every check_point_delta_t = 600s
13:34 INFO    : Using dynesty version 1.0.1
13:34 INFO    : Using the bilby-implemented rwalk sample method with ACT estimated walks
13:34 INFO    : Resume file outdir/multidim_gaussian_unimodal_resume.pickle does not exist.
13:34 INFO    : Generating initial points from the prior
13:34 INFO    : Run interrupted by signal 2: checkpoint and exit on 130
